0 info it worked if it ends with ok
1 verbose cli [ 'node',
1 verbose cli   '/usr/local/bin/npm',
1 verbose cli   'install',
1 verbose cli   'orechestrate.io',
1 verbose cli   '--save' ]
2 info using npm@1.4.28
3 info using node@v0.10.32
4 warn package.json nodejsPlay@1.0.0 No repository field.
5 warn package.json nodejsPlay@1.0.0 No README data
6 verbose readDependencies using package.json deps
7 verbose cache add [ 'orechestrate.io', null ]
8 verbose cache add name=undefined spec="orechestrate.io" args=["orechestrate.io",null]
9 verbose parsed url { protocol: null,
9 verbose parsed url   slashes: null,
9 verbose parsed url   auth: null,
9 verbose parsed url   host: null,
9 verbose parsed url   port: null,
9 verbose parsed url   hostname: null,
9 verbose parsed url   hash: null,
9 verbose parsed url   search: null,
9 verbose parsed url   query: null,
9 verbose parsed url   pathname: 'orechestrate.io',
9 verbose parsed url   path: 'orechestrate.io',
9 verbose parsed url   href: 'orechestrate.io' }
10 silly lockFile 8b4a1aea-orechestrate-io orechestrate.io
11 verbose lock orechestrate.io /Users/mileshochstein/.npm/8b4a1aea-orechestrate-io.lock
12 silly lockFile 8b4a1aea-orechestrate-io orechestrate.io
13 silly lockFile 8b4a1aea-orechestrate-io orechestrate.io
14 verbose addNamed [ 'orechestrate.io', '' ]
15 verbose addNamed [ null, '*' ]
16 silly lockFile 9267062b-orechestrate-io orechestrate.io@
17 verbose lock orechestrate.io@ /Users/mileshochstein/.npm/9267062b-orechestrate-io.lock
18 silly addNameRange { name: 'orechestrate.io', range: '*', hasData: false }
19 verbose request where is /orechestrate.io
20 verbose request registry https://registry.npmjs.org/
21 verbose request id f088cb52c6c70650
22 verbose url raw /orechestrate.io
23 verbose url resolving [ 'https://registry.npmjs.org/', './orechestrate.io' ]
24 verbose url resolved https://registry.npmjs.org/orechestrate.io
25 verbose request where is https://registry.npmjs.org/orechestrate.io
26 info trying registry request attempt 1 at 13:15:29
27 http GET https://registry.npmjs.org/orechestrate.io
28 http 404 https://registry.npmjs.org/orechestrate.io
29 verbose headers { date: 'Fri, 13 Feb 2015 21:15:29 GMT',
29 verbose headers   server: 'CouchDB/1.5.0 (Erlang OTP/R16B03)',
29 verbose headers   'content-type': 'application/json',
29 verbose headers   'cache-control': 'max-age=0',
29 verbose headers   'content-length': '52',
29 verbose headers   'accept-ranges': 'bytes',
29 verbose headers   via: '1.1 varnish',
29 verbose headers   age: '0',
29 verbose headers   'x-served-by': 'cache-sjc3133-SJC',
29 verbose headers   'x-cache': 'MISS',
29 verbose headers   'x-cache-hits': '0',
29 verbose headers   'x-timer': 'S1423862129.181302,VS0,VE350',
29 verbose headers   'keep-alive': 'timeout=10, max=50',
29 verbose headers   connection: 'Keep-Alive' }
30 silly registry.get cb [ 404,
30 silly registry.get   { date: 'Fri, 13 Feb 2015 21:15:29 GMT',
30 silly registry.get     server: 'CouchDB/1.5.0 (Erlang OTP/R16B03)',
30 silly registry.get     'content-type': 'application/json',
30 silly registry.get     'cache-control': 'max-age=0',
30 silly registry.get     'content-length': '52',
30 silly registry.get     'accept-ranges': 'bytes',
30 silly registry.get     via: '1.1 varnish',
30 silly registry.get     age: '0',
30 silly registry.get     'x-served-by': 'cache-sjc3133-SJC',
30 silly registry.get     'x-cache': 'MISS',
30 silly registry.get     'x-cache-hits': '0',
30 silly registry.get     'x-timer': 'S1423862129.181302,VS0,VE350',
30 silly registry.get     'keep-alive': 'timeout=10, max=50',
30 silly registry.get     connection: 'Keep-Alive' } ]
31 silly lockFile 9267062b-orechestrate-io orechestrate.io@
32 silly lockFile 9267062b-orechestrate-io orechestrate.io@
33 error 404 404 Not Found: orechestrate.io
33 error 404
33 error 404 'orechestrate.io' is not in the npm registry.
33 error 404 You should bug the author to publish it
33 error 404 It was specified as a dependency of 'nodejsPlay'
33 error 404
33 error 404 Note that you can also install from a
33 error 404 tarball, folder, or http url, or git url.
34 error System Darwin 14.1.0
35 error command "node" "/usr/local/bin/npm" "install" "orechestrate.io" "--save"
36 error cwd /Users/mileshochstein/Documents/ProjectsPCS2015/p28orchestrate
37 error node -v v0.10.32
38 error npm -v 1.4.28
39 error code E404
40 verbose exit [ 1, true ]
